{
  "H:/IT - старт и вперед/RSschool/REACT-RSSchool/react-course-RSS/src/components/inputSearchByName/InputSearchByName.tsx": {
    "path": "H:/IT - старт и вперед/RSschool/REACT-RSSchool/react-course-RSS/src/components/inputSearchByName/InputSearchByName.tsx",
    "statementMap": {
      "0": {
        "start": {
          "line": 7,
          "column": 0
        },
        "end": {
          "line": 17,
          "column": 1
        }
      },
      "1": {
        "start": {
          "line": 8,
          "column": 2
        },
        "end": {
          "line": 10,
          "column": 3
        }
      },
      "2": {
        "start": {
          "line": 9,
          "column": 4
        },
        "end": {
          "line": 9,
          "column": 165
        }
      },
      "3": {
        "start": {
          "line": 11,
          "column": 2
        },
        "end": {
          "line": 11,
          "column": 39
        }
      },
      "4": {
        "start": {
          "line": 12,
          "column": 2
        },
        "end": {
          "line": 12,
          "column": 39
        }
      },
      "5": {
        "start": {
          "line": 13,
          "column": 2
        },
        "end": {
          "line": 15,
          "column": 4
        }
      },
      "6": {
        "start": {
          "line": 14,
          "column": 4
        },
        "end": {
          "line": 14,
          "column": 162
        }
      },
      "7": {
        "start": {
          "line": 16,
          "column": 2
        },
        "end": {
          "line": 16,
          "column": 75
        }
      },
      "8": {
        "start": {
          "line": 18,
          "column": 9
        },
        "end": {
          "line": 18,
          "column": 23
        }
      },
      "9": {
        "start": {
          "line": 24,
          "column": 2
        },
        "end": {
          "line": 24,
          "column": 7
        }
      },
      "10": {
        "start": {
          "line": 25,
          "column": 28
        },
        "end": {
          "line": 25,
          "column": 85
        }
      },
      "11": {
        "start": {
          "line": 25,
          "column": 54
        },
        "end": {
          "line": 25,
          "column": 84
        }
      },
      "12": {
        "start": {
          "line": 26,
          "column": 19
        },
        "end": {
          "line": 26,
          "column": 35
        }
      },
      "13": {
        "start": {
          "line": 27,
          "column": 23
        },
        "end": {
          "line": 27,
          "column": 35
        }
      },
      "14": {
        "start": {
          "line": 28,
          "column": 36
        },
        "end": {
          "line": 28,
          "column": 50
        }
      },
      "15": {
        "start": {
          "line": 30,
          "column": 4
        },
        "end": {
          "line": 30,
          "column": 24
        }
      },
      "16": {
        "start": {
          "line": 33,
          "column": 4
        },
        "end": {
          "line": 33,
          "column": 27
        }
      },
      "17": {
        "start": {
          "line": 34,
          "column": 4
        },
        "end": {
          "line": 36,
          "column": 5
        }
      },
      "18": {
        "start": {
          "line": 35,
          "column": 6
        },
        "end": {
          "line": 35,
          "column": 67
        }
      },
      "19": {
        "start": {
          "line": 37,
          "column": 4
        },
        "end": {
          "line": 37,
          "column": 23
        }
      },
      "20": {
        "start": {
          "line": 39,
          "column": 2
        },
        "end": {
          "line": 71,
          "column": 11
        }
      },
      "21": {
        "start": {
          "line": 73,
          "column": 0
        },
        "end": {
          "line": 75,
          "column": 3
        }
      },
      "22": {
        "start": {
          "line": 74,
          "column": 2
        },
        "end": {
          "line": 74,
          "column": 42
        }
      },
      "23": {
        "start": {
          "line": 76,
          "column": 0
        },
        "end": {
          "line": 76,
          "column": 23
        }
      },
      "24": {
        "start": {
          "line": 78,
          "column": 0
        },
        "end": {
          "line": 78,
          "column": 38
        }
      },
      "25": {
        "start": {
          "line": 79,
          "column": 0
        },
        "end": {
          "line": 95,
          "column": 1
        }
      },
      "26": {
        "start": {
          "line": 80,
          "column": 2
        },
        "end": {
          "line": 80,
          "column": 39
        }
      },
      "27": {
        "start": {
          "line": 81,
          "column": 2
        },
        "end": {
          "line": 81,
          "column": 39
        }
      },
      "28": {
        "start": {
          "line": 82,
          "column": 2
        },
        "end": {
          "line": 94,
          "column": 5
        }
      },
      "29": {
        "start": {
          "line": 86,
          "column": 4
        },
        "end": {
          "line": 86,
          "column": 188
        }
      },
      "30": {
        "start": {
          "line": 87,
          "column": 4
        },
        "end": {
          "line": 93,
          "column": 7
        }
      },
      "31": {
        "start": {
          "line": 88,
          "column": 6
        },
        "end": {
          "line": 89,
          "column": 15
        }
      },
      "32": {
        "start": {
          "line": 89,
          "column": 8
        },
        "end": {
          "line": 89,
          "column": 15
        }
      },
      "33": {
        "start": {
          "line": 90,
          "column": 32
        },
        "end": {
          "line": 90,
          "column": 115
        }
      },
      "34": {
        "start": {
          "line": 91,
          "column": 6
        },
        "end": {
          "line": 92,
          "column": 54
        }
      },
      "35": {
        "start": {
          "line": 92,
          "column": 8
        },
        "end": {
          "line": 92,
          "column": 54
        }
      }
    },
    "fnMap": {
      "0": {
        "name": "(anonymous_0)",
        "decl": {
          "start": {
            "line": 13,
            "column": 24
          },
          "end": {
            "line": 13,
            "column": 25
          }
        },
        "loc": {
          "start": {
            "line": 13,
            "column": 38
          },
          "end": {
            "line": 15,
            "column": 3
          }
        },
        "line": 13
      },
      "1": {
        "name": "InputSearchByName",
        "decl": {
          "start": {
            "line": 23,
            "column": 24
          },
          "end": {
            "line": 23,
            "column": 41
          }
        },
        "loc": {
          "start": {
            "line": 23,
            "column": 44
          },
          "end": {
            "line": 72,
            "column": 1
          }
        },
        "line": 23
      },
      "2": {
        "name": "(anonymous_2)",
        "decl": {
          "start": {
            "line": 25,
            "column": 43
          },
          "end": {
            "line": 25,
            "column": 44
          }
        },
        "loc": {
          "start": {
            "line": 25,
            "column": 54
          },
          "end": {
            "line": 25,
            "column": 84
          }
        },
        "line": 25
      },
      "3": {
        "name": "changeHandler",
        "decl": {
          "start": {
            "line": 29,
            "column": 11
          },
          "end": {
            "line": 29,
            "column": 24
          }
        },
        "loc": {
          "start": {
            "line": 29,
            "column": 27
          },
          "end": {
            "line": 31,
            "column": 3
          }
        },
        "line": 29
      },
      "4": {
        "name": "submitHandler",
        "decl": {
          "start": {
            "line": 32,
            "column": 11
          },
          "end": {
            "line": 32,
            "column": 24
          }
        },
        "loc": {
          "start": {
            "line": 32,
            "column": 32
          },
          "end": {
            "line": 38,
            "column": 3
          }
        },
        "line": 32
      },
      "5": {
        "name": "(anonymous_5)",
        "decl": {
          "start": {
            "line": 73,
            "column": 61
          },
          "end": {
            "line": 73,
            "column": 62
          }
        },
        "loc": {
          "start": {
            "line": 73,
            "column": 72
          },
          "end": {
            "line": 75,
            "column": 1
          }
        },
        "line": 73
      },
      "6": {
        "name": "(anonymous_6)",
        "decl": {
          "start": {
            "line": 85,
            "column": 9
          },
          "end": {
            "line": 85,
            "column": 10
          }
        },
        "loc": {
          "start": {
            "line": 85,
            "column": 29
          },
          "end": {
            "line": 94,
            "column": 3
          }
        },
        "line": 85
      },
      "7": {
        "name": "(anonymous_7)",
        "decl": {
          "start": {
            "line": 87,
            "column": 27
          },
          "end": {
            "line": 87,
            "column": 28
          }
        },
        "loc": {
          "start": {
            "line": 87,
            "column": 44
          },
          "end": {
            "line": 93,
            "column": 5
          }
        },
        "line": 87
      }
    },
    "branchMap": {
      "0": {
        "loc": {
          "start": {
            "line": 7,
            "column": 0
          },
          "end": {
            "line": 17,
            "column": 1
          }
        },
        "type": "if",
        "locations": [
          {
            "start": {
              "line": 7,
              "column": 0
            },
            "end": {
              "line": 17,
              "column": 1
            }
          },
          {
            "start": {},
            "end": {}
          }
        ],
        "line": 7
      },
      "1": {
        "loc": {
          "start": {
            "line": 8,
            "column": 2
          },
          "end": {
            "line": 10,
            "column": 3
          }
        },
        "type": "if",
        "locations": [
          {
            "start": {
              "line": 8,
              "column": 2
            },
            "end": {
              "line": 10,
              "column": 3
            }
          },
          {
            "start": {},
            "end": {}
          }
        ],
        "line": 8
      },
      "2": {
        "loc": {
          "start": {
            "line": 34,
            "column": 4
          },
          "end": {
            "line": 36,
            "column": 5
          }
        },
        "type": "if",
        "locations": [
          {
            "start": {
              "line": 34,
              "column": 4
            },
            "end": {
              "line": 36,
              "column": 5
            }
          },
          {
            "start": {},
            "end": {}
          }
        ],
        "line": 34
      },
      "3": {
        "loc": {
          "start": {
            "line": 79,
            "column": 0
          },
          "end": {
            "line": 95,
            "column": 1
          }
        },
        "type": "if",
        "locations": [
          {
            "start": {
              "line": 79,
              "column": 0
            },
            "end": {
              "line": 95,
              "column": 1
            }
          },
          {
            "start": {},
            "end": {}
          }
        ],
        "line": 79
      },
      "4": {
        "loc": {
          "start": {
            "line": 88,
            "column": 6
          },
          "end": {
            "line": 89,
            "column": 15
          }
        },
        "type": "if",
        "locations": [
          {
            "start": {
              "line": 88,
              "column": 6
            },
            "end": {
              "line": 89,
              "column": 15
            }
          },
          {
            "start": {},
            "end": {}
          }
        ],
        "line": 88
      },
      "5": {
        "loc": {
          "start": {
            "line": 91,
            "column": 6
          },
          "end": {
            "line": 92,
            "column": 54
          }
        },
        "type": "if",
        "locations": [
          {
            "start": {
              "line": 91,
              "column": 6
            },
            "end": {
              "line": 92,
              "column": 54
            }
          },
          {
            "start": {},
            "end": {}
          }
        ],
        "line": 91
      }
    },
    "s": {
      "0": 1,
      "1": 1,
      "2": 0,
      "3": 1,
      "4": 1,
      "5": 1,
      "6": 1,
      "7": 1,
      "8": 1,
      "9": 1,
      "10": 1,
      "11": 1,
      "12": 1,
      "13": 1,
      "14": 1,
      "15": 0,
      "16": 0,
      "17": 0,
      "18": 0,
      "19": 0,
      "20": 1,
      "21": 1,
      "22": 1,
      "23": 1,
      "24": 1,
      "25": 1,
      "26": 1,
      "27": 1,
      "28": 1,
      "29": 0,
      "30": 0,
      "31": 0,
      "32": 0,
      "33": 0,
      "34": 0,
      "35": 0
    },
    "f": {
      "0": 1,
      "1": 1,
      "2": 1,
      "3": 0,
      "4": 0,
      "5": 1,
      "6": 0,
      "7": 0
    },
    "b": {
      "0": [
        1,
        0
      ],
      "1": [
        0,
        1
      ],
      "2": [
        0,
        0
      ],
      "3": [
        1,
        0
      ],
      "4": [
        0,
        0
      ],
      "5": [
        0,
        0
      ]
    },
    "inputSourceMap": {
      "version": 3,
      "mappings": "AA6BU;;;;;;;;;;;;;;;;AA7BV,SAAgBA,UAAUC,cAAc;AACxC,SAASC,gBAAgBC,sBAAsB;AAC/C,SAASC,uBAAuB;AAEhC,OAAOC,gBAAgB;AAEvB,wBAAwBC,oBAAoB;AAAAC;AAC1C,QAAMC,oBAAoBL,eAAgBM,WAAUA,MAAMC,aAAaC,WAAW;AAClF,QAAMC,WAAWV,eAAe;AAEhC,QAAMW,eAAeZ,OAAgC,IAAI;AACzD,QAAM,CAACa,WAAWC,YAAY,IAAIf,SAAkB,IAAI;AAExD,WAASgB,gBAAgB;AACvBD,iBAAa,KAAK;AAAA,EACpB;AAEA,WAASE,cAAcC,OAA2C;AAChEA,UAAMC,eAAe;AACrB,QAAIN,aAAaO,SAAS;AACxBR,eAASR,gBAAgBS,aAAaO,QAAQC,MAAMC,KAAK,CAAC,CAAC;AAAA,IAC7D;AACAP,iBAAa,IAAI;AAAA,EACnB;AAEA,SACE,uBAAC,SAAI,WAAU,uBACb,iCAAC,UAAK,WAAU,oBAAmB,UAAUE,eAAe,eAAY,gBACtE;AAAA,2BAAC,WAAM,SAAQ,cACb,iCAAC,WACC,MAAK,QACL,eAAY,cACZ,MAAK,kBACL,WAAU,qBACV,IAAG,cACH,aAAY,sBACZ,cAAcT,mBACd,KAAKK,cACL,UAAUG,iBATZ;AAAA;AAAA;AAAA;AAAA,WAS0B,KAV5B;AAAA;AAAA;AAAA;AAAA,WAYA;AAAA,IACA,uBAAC,SAAI,WAAU,oBACb,iCAAC,SAAI,KAAKX,YAAY,KAAI,qBAAoB,WAAU,0BAAxD;AAAA;AAAA;AAAA;AAAA,WAA8E,KADhF;AAAA;AAAA;AAAA;AAAA,WAEA;AAAA,IACA,uBAAC,YAAO,MAAK,UAAS,UAAUS,WAAW,WAAU,sBAAqB,eAAY,gBAAe,sBAArG;AAAA;AAAA;AAAA;AAAA,WAEA;AAAA,OAnBF;AAAA;AAAA;AAAA;AAAA,SAoBA,KArBF;AAAA;AAAA;AAAA;AAAA,SAsBA;AAEJ;AAACP,GA5CuBD,mBAAiB;AAAA,UACbH,gBACTD,cAAc;AAAA;AAAAqB,KAFTjB;AAAiB;AAAAkB",
      "names": [
        "useState",
        "useRef",
        "useAppDispatch",
        "useAppSelector",
        "setSearchParams",
        "searchIcon",
        "InputSearchByName",
        "_s",
        "currentInputValue",
        "state",
        "searchParams",
        "searchValue",
        "dispatch",
        "inputNameRef",
        "isLoading",
        "setIsLoading",
        "changeHandler",
        "submitHandler",
        "event",
        "preventDefault",
        "current",
        "value",
        "trim",
        "_c",
        "$RefreshReg$"
      ],
      "sources": [
        "H:/IT - старт и вперед/RSschool/REACT-RSSchool/react-course-RSS/src/components/inputSearchByName/InputSearchByName.tsx"
      ],
      "file": "H:/IT - старт и вперед/RSschool/REACT-RSSchool/react-course-RSS/src/components/inputSearchByName/InputSearchByName.tsx"
    },
    "_coverageSchema": "1a1c01bbd47fc00a2c39e90264f33305004495a9",
    "hash": "5feca9d43b73b09aaf84df63d53b4a03b5ad4077"
  },
  "H:/IT - старт и вперед/RSschool/REACT-RSSchool/react-course-RSS/src/components/NotData/NotData.tsx": {
    "path": "H:/IT - старт и вперед/RSschool/REACT-RSSchool/react-course-RSS/src/components/NotData/NotData.tsx",
    "statementMap": {
      "0": {
        "start": {
          "line": 7,
          "column": 0
        },
        "end": {
          "line": 17,
          "column": 1
        }
      },
      "1": {
        "start": {
          "line": 8,
          "column": 2
        },
        "end": {
          "line": 10,
          "column": 3
        }
      },
      "2": {
        "start": {
          "line": 9,
          "column": 4
        },
        "end": {
          "line": 9,
          "column": 165
        }
      },
      "3": {
        "start": {
          "line": 11,
          "column": 2
        },
        "end": {
          "line": 11,
          "column": 39
        }
      },
      "4": {
        "start": {
          "line": 12,
          "column": 2
        },
        "end": {
          "line": 12,
          "column": 39
        }
      },
      "5": {
        "start": {
          "line": 13,
          "column": 2
        },
        "end": {
          "line": 15,
          "column": 4
        }
      },
      "6": {
        "start": {
          "line": 14,
          "column": 4
        },
        "end": {
          "line": 14,
          "column": 142
        }
      },
      "7": {
        "start": {
          "line": 16,
          "column": 2
        },
        "end": {
          "line": 16,
          "column": 75
        }
      },
      "8": {
        "start": {
          "line": 20,
          "column": 2
        },
        "end": {
          "line": 39,
          "column": 11
        }
      },
      "9": {
        "start": {
          "line": 41,
          "column": 0
        },
        "end": {
          "line": 41,
          "column": 17
        }
      },
      "10": {
        "start": {
          "line": 43,
          "column": 0
        },
        "end": {
          "line": 43,
          "column": 32
        }
      },
      "11": {
        "start": {
          "line": 44,
          "column": 0
        },
        "end": {
          "line": 60,
          "column": 1
        }
      },
      "12": {
        "start": {
          "line": 45,
          "column": 2
        },
        "end": {
          "line": 45,
          "column": 39
        }
      },
      "13": {
        "start": {
          "line": 46,
          "column": 2
        },
        "end": {
          "line": 46,
          "column": 39
        }
      },
      "14": {
        "start": {
          "line": 47,
          "column": 2
        },
        "end": {
          "line": 59,
          "column": 5
        }
      },
      "15": {
        "start": {
          "line": 51,
          "column": 4
        },
        "end": {
          "line": 51,
          "column": 168
        }
      },
      "16": {
        "start": {
          "line": 52,
          "column": 4
        },
        "end": {
          "line": 58,
          "column": 7
        }
      },
      "17": {
        "start": {
          "line": 53,
          "column": 6
        },
        "end": {
          "line": 54,
          "column": 15
        }
      },
      "18": {
        "start": {
          "line": 54,
          "column": 8
        },
        "end": {
          "line": 54,
          "column": 15
        }
      },
      "19": {
        "start": {
          "line": 55,
          "column": 32
        },
        "end": {
          "line": 55,
          "column": 115
        }
      },
      "20": {
        "start": {
          "line": 56,
          "column": 6
        },
        "end": {
          "line": 57,
          "column": 54
        }
      },
      "21": {
        "start": {
          "line": 57,
          "column": 8
        },
        "end": {
          "line": 57,
          "column": 54
        }
      }
    },
    "fnMap": {
      "0": {
        "name": "(anonymous_0)",
        "decl": {
          "start": {
            "line": 13,
            "column": 24
          },
          "end": {
            "line": 13,
            "column": 25
          }
        },
        "loc": {
          "start": {
            "line": 13,
            "column": 38
          },
          "end": {
            "line": 15,
            "column": 3
          }
        },
        "line": 13
      },
      "1": {
        "name": "NotFoundAPI",
        "decl": {
          "start": {
            "line": 19,
            "column": 24
          },
          "end": {
            "line": 19,
            "column": 35
          }
        },
        "loc": {
          "start": {
            "line": 19,
            "column": 38
          },
          "end": {
            "line": 40,
            "column": 1
          }
        },
        "line": 19
      },
      "2": {
        "name": "(anonymous_2)",
        "decl": {
          "start": {
            "line": 50,
            "column": 9
          },
          "end": {
            "line": 50,
            "column": 10
          }
        },
        "loc": {
          "start": {
            "line": 50,
            "column": 29
          },
          "end": {
            "line": 59,
            "column": 3
          }
        },
        "line": 50
      },
      "3": {
        "name": "(anonymous_3)",
        "decl": {
          "start": {
            "line": 52,
            "column": 27
          },
          "end": {
            "line": 52,
            "column": 28
          }
        },
        "loc": {
          "start": {
            "line": 52,
            "column": 44
          },
          "end": {
            "line": 58,
            "column": 5
          }
        },
        "line": 52
      }
    },
    "branchMap": {
      "0": {
        "loc": {
          "start": {
            "line": 7,
            "column": 0
          },
          "end": {
            "line": 17,
            "column": 1
          }
        },
        "type": "if",
        "locations": [
          {
            "start": {
              "line": 7,
              "column": 0
            },
            "end": {
              "line": 17,
              "column": 1
            }
          },
          {
            "start": {},
            "end": {}
          }
        ],
        "line": 7
      },
      "1": {
        "loc": {
          "start": {
            "line": 8,
            "column": 2
          },
          "end": {
            "line": 10,
            "column": 3
          }
        },
        "type": "if",
        "locations": [
          {
            "start": {
              "line": 8,
              "column": 2
            },
            "end": {
              "line": 10,
              "column": 3
            }
          },
          {
            "start": {},
            "end": {}
          }
        ],
        "line": 8
      },
      "2": {
        "loc": {
          "start": {
            "line": 44,
            "column": 0
          },
          "end": {
            "line": 60,
            "column": 1
          }
        },
        "type": "if",
        "locations": [
          {
            "start": {
              "line": 44,
              "column": 0
            },
            "end": {
              "line": 60,
              "column": 1
            }
          },
          {
            "start": {},
            "end": {}
          }
        ],
        "line": 44
      },
      "3": {
        "loc": {
          "start": {
            "line": 53,
            "column": 6
          },
          "end": {
            "line": 54,
            "column": 15
          }
        },
        "type": "if",
        "locations": [
          {
            "start": {
              "line": 53,
              "column": 6
            },
            "end": {
              "line": 54,
              "column": 15
            }
          },
          {
            "start": {},
            "end": {}
          }
        ],
        "line": 53
      },
      "4": {
        "loc": {
          "start": {
            "line": 56,
            "column": 6
          },
          "end": {
            "line": 57,
            "column": 54
          }
        },
        "type": "if",
        "locations": [
          {
            "start": {
              "line": 56,
              "column": 6
            },
            "end": {
              "line": 57,
              "column": 54
            }
          },
          {
            "start": {},
            "end": {}
          }
        ],
        "line": 56
      }
    },
    "s": {
      "0": 1,
      "1": 1,
      "2": 0,
      "3": 1,
      "4": 1,
      "5": 1,
      "6": 1,
      "7": 1,
      "8": 0,
      "9": 1,
      "10": 1,
      "11": 1,
      "12": 1,
      "13": 1,
      "14": 1,
      "15": 0,
      "16": 0,
      "17": 0,
      "18": 0,
      "19": 0,
      "20": 0,
      "21": 0
    },
    "f": {
      "0": 1,
      "1": 0,
      "2": 0,
      "3": 0
    },
    "b": {
      "0": [
        1,
        0
      ],
      "1": [
        0,
        1
      ],
      "2": [
        1,
        0
      ],
      "3": [
        0,
        0
      ],
      "4": [
        0,
        0
      ]
    },
    "inputSourceMap": {
      "version": 3,
      "mappings": "AAKM;AALN,OAAOA,oBAAoB;AAAA;AAAA,IAAuC;AAAA;AAAA;AAAA;AAAA;AAAA;AAAA;AAAA;AAAA;AAAA;AAAA;AAAA;AAAA;AAElE,wBAAwBC,cAAc;AACpC,SACE,uBAAC,SAAI,WAAU,iBAAgB,eAAY,YACzC;AAAA,2BAAC,SAAI,WAAU,wBAAuB,0CAAtC;AAAA;AAAA;AAAA;AAAA,WAAgE;AAAA,IAChE,uBAAC,SAAI,WAAU,0BACb,iCAAC,SAAI,KAAKD,gBAAgB,KAAI,aAAY,WAAU,wBAApD;AAAA;AAAA;AAAA;AAAA,WAAwE,KAD1E;AAAA;AAAA;AAAA;AAAA,WAEA;AAAA,OAJF;AAAA;AAAA;AAAA;AAAA,SAKA;AAEJ;AAACE,KATuBD;AAAW;AAAAE",
      "names": [
        "imgNotFoundAPI",
        "NotFoundAPI",
        "_c",
        "$RefreshReg$"
      ],
      "sources": [
        "H:/IT - старт и вперед/RSschool/REACT-RSSchool/react-course-RSS/src/components/NotData/NotData.tsx"
      ],
      "file": "H:/IT - старт и вперед/RSschool/REACT-RSSchool/react-course-RSS/src/components/NotData/NotData.tsx"
    },
    "_coverageSchema": "1a1c01bbd47fc00a2c39e90264f33305004495a9",
    "hash": "afdb605b6c9eca9908af7b67ac118dd36cea93fc"
  },
  "H:/IT - старт и вперед/RSschool/REACT-RSSchool/react-course-RSS/src/components/PreLoader/Preloader.tsx": {
    "path": "H:/IT - старт и вперед/RSschool/REACT-RSSchool/react-course-RSS/src/components/PreLoader/Preloader.tsx",
    "statementMap": {
      "0": {
        "start": {
          "line": 7,
          "column": 0
        },
        "end": {
          "line": 17,
          "column": 1
        }
      },
      "1": {
        "start": {
          "line": 8,
          "column": 2
        },
        "end": {
          "line": 10,
          "column": 3
        }
      },
      "2": {
        "start": {
          "line": 9,
          "column": 4
        },
        "end": {
          "line": 9,
          "column": 165
        }
      },
      "3": {
        "start": {
          "line": 11,
          "column": 2
        },
        "end": {
          "line": 11,
          "column": 39
        }
      },
      "4": {
        "start": {
          "line": 12,
          "column": 2
        },
        "end": {
          "line": 12,
          "column": 39
        }
      },
      "5": {
        "start": {
          "line": 13,
          "column": 2
        },
        "end": {
          "line": 15,
          "column": 4
        }
      },
      "6": {
        "start": {
          "line": 14,
          "column": 4
        },
        "end": {
          "line": 14,
          "column": 146
        }
      },
      "7": {
        "start": {
          "line": 16,
          "column": 2
        },
        "end": {
          "line": 16,
          "column": 75
        }
      },
      "8": {
        "start": {
          "line": 19,
          "column": 2
        },
        "end": {
          "line": 64,
          "column": 11
        }
      },
      "9": {
        "start": {
          "line": 66,
          "column": 0
        },
        "end": {
          "line": 66,
          "column": 15
        }
      },
      "10": {
        "start": {
          "line": 68,
          "column": 0
        },
        "end": {
          "line": 68,
          "column": 30
        }
      },
      "11": {
        "start": {
          "line": 69,
          "column": 0
        },
        "end": {
          "line": 85,
          "column": 1
        }
      },
      "12": {
        "start": {
          "line": 70,
          "column": 2
        },
        "end": {
          "line": 70,
          "column": 39
        }
      },
      "13": {
        "start": {
          "line": 71,
          "column": 2
        },
        "end": {
          "line": 71,
          "column": 39
        }
      },
      "14": {
        "start": {
          "line": 72,
          "column": 2
        },
        "end": {
          "line": 84,
          "column": 5
        }
      },
      "15": {
        "start": {
          "line": 76,
          "column": 4
        },
        "end": {
          "line": 76,
          "column": 172
        }
      },
      "16": {
        "start": {
          "line": 77,
          "column": 4
        },
        "end": {
          "line": 83,
          "column": 7
        }
      },
      "17": {
        "start": {
          "line": 78,
          "column": 6
        },
        "end": {
          "line": 79,
          "column": 15
        }
      },
      "18": {
        "start": {
          "line": 79,
          "column": 8
        },
        "end": {
          "line": 79,
          "column": 15
        }
      },
      "19": {
        "start": {
          "line": 80,
          "column": 32
        },
        "end": {
          "line": 80,
          "column": 115
        }
      },
      "20": {
        "start": {
          "line": 81,
          "column": 6
        },
        "end": {
          "line": 82,
          "column": 54
        }
      },
      "21": {
        "start": {
          "line": 82,
          "column": 8
        },
        "end": {
          "line": 82,
          "column": 54
        }
      }
    },
    "fnMap": {
      "0": {
        "name": "(anonymous_0)",
        "decl": {
          "start": {
            "line": 13,
            "column": 24
          },
          "end": {
            "line": 13,
            "column": 25
          }
        },
        "loc": {
          "start": {
            "line": 13,
            "column": 38
          },
          "end": {
            "line": 15,
            "column": 3
          }
        },
        "line": 13
      },
      "1": {
        "name": "Preloader",
        "decl": {
          "start": {
            "line": 18,
            "column": 24
          },
          "end": {
            "line": 18,
            "column": 33
          }
        },
        "loc": {
          "start": {
            "line": 18,
            "column": 36
          },
          "end": {
            "line": 65,
            "column": 1
          }
        },
        "line": 18
      },
      "2": {
        "name": "(anonymous_2)",
        "decl": {
          "start": {
            "line": 75,
            "column": 9
          },
          "end": {
            "line": 75,
            "column": 10
          }
        },
        "loc": {
          "start": {
            "line": 75,
            "column": 29
          },
          "end": {
            "line": 84,
            "column": 3
          }
        },
        "line": 75
      },
      "3": {
        "name": "(anonymous_3)",
        "decl": {
          "start": {
            "line": 77,
            "column": 27
          },
          "end": {
            "line": 77,
            "column": 28
          }
        },
        "loc": {
          "start": {
            "line": 77,
            "column": 44
          },
          "end": {
            "line": 83,
            "column": 5
          }
        },
        "line": 77
      }
    },
    "branchMap": {
      "0": {
        "loc": {
          "start": {
            "line": 7,
            "column": 0
          },
          "end": {
            "line": 17,
            "column": 1
          }
        },
        "type": "if",
        "locations": [
          {
            "start": {
              "line": 7,
              "column": 0
            },
            "end": {
              "line": 17,
              "column": 1
            }
          },
          {
            "start": {},
            "end": {}
          }
        ],
        "line": 7
      },
      "1": {
        "loc": {
          "start": {
            "line": 8,
            "column": 2
          },
          "end": {
            "line": 10,
            "column": 3
          }
        },
        "type": "if",
        "locations": [
          {
            "start": {
              "line": 8,
              "column": 2
            },
            "end": {
              "line": 10,
              "column": 3
            }
          },
          {
            "start": {},
            "end": {}
          }
        ],
        "line": 8
      },
      "2": {
        "loc": {
          "start": {
            "line": 69,
            "column": 0
          },
          "end": {
            "line": 85,
            "column": 1
          }
        },
        "type": "if",
        "locations": [
          {
            "start": {
              "line": 69,
              "column": 0
            },
            "end": {
              "line": 85,
              "column": 1
            }
          },
          {
            "start": {},
            "end": {}
          }
        ],
        "line": 69
      },
      "3": {
        "loc": {
          "start": {
            "line": 78,
            "column": 6
          },
          "end": {
            "line": 79,
            "column": 15
          }
        },
        "type": "if",
        "locations": [
          {
            "start": {
              "line": 78,
              "column": 6
            },
            "end": {
              "line": 79,
              "column": 15
            }
          },
          {
            "start": {},
            "end": {}
          }
        ],
        "line": 78
      },
      "4": {
        "loc": {
          "start": {
            "line": 81,
            "column": 6
          },
          "end": {
            "line": 82,
            "column": 54
          }
        },
        "type": "if",
        "locations": [
          {
            "start": {
              "line": 81,
              "column": 6
            },
            "end": {
              "line": 82,
              "column": 54
            }
          },
          {
            "start": {},
            "end": {}
          }
        ],
        "line": 81
      }
    },
    "s": {
      "0": 1,
      "1": 1,
      "2": 0,
      "3": 1,
      "4": 1,
      "5": 1,
      "6": 1,
      "7": 1,
      "8": 0,
      "9": 1,
      "10": 1,
      "11": 1,
      "12": 1,
      "13": 1,
      "14": 1,
      "15": 0,
      "16": 0,
      "17": 0,
      "18": 0,
      "19": 0,
      "20": 0,
      "21": 0
    },
    "f": {
      "0": 1,
      "1": 0,
      "2": 0,
      "3": 0
    },
    "b": {
      "0": [
        1,
        0
      ],
      "1": [
        0,
        1
      ],
      "2": [
        1,
        0
      ],
      "3": [
        0,
        0
      ],
      "4": [
        0,
        0
      ]
    },
    "inputSourceMap": {
      "version": 3,
      "mappings": "AAKM;AALN,OAAOA,oBAAkB;AAAA;AAAA;AAAA;AAAA;AAAA;AAAA;AAAA;AAAA;AAAA;AAAA;AAAA;AAAA;AAAA;AAEzB,wBAAwBC,YAAY;AAClC,SACE,uBAAC,SAAI,IAAG,UACN;AAAA,2BAAC,SAAI,IAAG,WAAU,WAAU,gBAA5B;AAAA;AAAA;AAAA;AAAA,WAAwC;AAAA,IACxC,uBAAC,SAAI,IAAG,WAAU,WAAU,gBAA5B;AAAA;AAAA;AAAA;AAAA,WAAwC;AAAA,IACxC,uBAAC,SAAI,IAAG,WAAU,WAAU,gBAA5B;AAAA;AAAA;AAAA;AAAA,WAAwC;AAAA,IACxC,uBAAC,SAAI,IAAG,WAAU,WAAU,gBAA5B;AAAA;AAAA;AAAA;AAAA,WAAwC;AAAA,IACxC,uBAAC,SAAI,IAAG,WAAU,WAAU,gBAA5B;AAAA;AAAA;AAAA;AAAA,WAAwC;AAAA,IACxC,uBAAC,SAAI,IAAG,WAAU,WAAU,gBAA5B;AAAA;AAAA;AAAA;AAAA,WAAwC;AAAA,IACxC,uBAAC,SAAI,IAAG,WAAU,WAAU,gBAA5B;AAAA;AAAA;AAAA;AAAA,WAAwC;AAAA,IACxC,uBAAC,SAAI,IAAG,WAAU,WAAU,gBAA5B;AAAA;AAAA;AAAA;AAAA,WAAwC;AAAA,OAR1C;AAAA;AAAA;AAAA;AAAA,SASA;AAEJ;AAACC,KAbuBD;AAAS;AAAAE",
      "names": [
        "React",
        "Preloader",
        "_c",
        "$RefreshReg$"
      ],
      "sources": [
        "H:/IT - старт и вперед/RSschool/REACT-RSSchool/react-course-RSS/src/components/PreLoader/Preloader.tsx"
      ],
      "file": "H:/IT - старт и вперед/RSschool/REACT-RSSchool/react-course-RSS/src/components/PreLoader/Preloader.tsx"
    },
    "_coverageSchema": "1a1c01bbd47fc00a2c39e90264f33305004495a9",
    "hash": "0fa29e6650fcb848ff87a2dfddacc59fe000653a"
  },
  "H:/IT - старт и вперед/RSschool/REACT-RSSchool/react-course-RSS/src/components/Person/Person.tsx": {
    "path": "H:/IT - старт и вперед/RSschool/REACT-RSSchool/react-course-RSS/src/components/Person/Person.tsx",
    "statementMap": {
      "0": {
        "start": {
          "line": 7,
          "column": 0
        },
        "end": {
          "line": 17,
          "column": 1
        }
      },
      "1": {
        "start": {
          "line": 8,
          "column": 2
        },
        "end": {
          "line": 10,
          "column": 3
        }
      },
      "2": {
        "start": {
          "line": 9,
          "column": 4
        },
        "end": {
          "line": 9,
          "column": 165
        }
      },
      "3": {
        "start": {
          "line": 11,
          "column": 2
        },
        "end": {
          "line": 11,
          "column": 39
        }
      },
      "4": {
        "start": {
          "line": 12,
          "column": 2
        },
        "end": {
          "line": 12,
          "column": 39
        }
      },
      "5": {
        "start": {
          "line": 13,
          "column": 2
        },
        "end": {
          "line": 15,
          "column": 4
        }
      },
      "6": {
        "start": {
          "line": 14,
          "column": 4
        },
        "end": {
          "line": 14,
          "column": 140
        }
      },
      "7": {
        "start": {
          "line": 16,
          "column": 2
        },
        "end": {
          "line": 16,
          "column": 75
        }
      },
      "8": {
        "start": {
          "line": 22,
          "column": 6
        },
        "end": {
          "line": 22,
          "column": 11
        }
      },
      "9": {
        "start": {
          "line": 23,
          "column": 2
        },
        "end": {
          "line": 47,
          "column": 11
        }
      },
      "10": {
        "start": {
          "line": 49,
          "column": 0
        },
        "end": {
          "line": 49,
          "column": 12
        }
      },
      "11": {
        "start": {
          "line": 51,
          "column": 0
        },
        "end": {
          "line": 51,
          "column": 27
        }
      },
      "12": {
        "start": {
          "line": 52,
          "column": 0
        },
        "end": {
          "line": 68,
          "column": 1
        }
      },
      "13": {
        "start": {
          "line": 53,
          "column": 2
        },
        "end": {
          "line": 53,
          "column": 39
        }
      },
      "14": {
        "start": {
          "line": 54,
          "column": 2
        },
        "end": {
          "line": 54,
          "column": 39
        }
      },
      "15": {
        "start": {
          "line": 55,
          "column": 2
        },
        "end": {
          "line": 67,
          "column": 5
        }
      },
      "16": {
        "start": {
          "line": 59,
          "column": 4
        },
        "end": {
          "line": 59,
          "column": 166
        }
      },
      "17": {
        "start": {
          "line": 60,
          "column": 4
        },
        "end": {
          "line": 66,
          "column": 7
        }
      },
      "18": {
        "start": {
          "line": 61,
          "column": 6
        },
        "end": {
          "line": 62,
          "column": 15
        }
      },
      "19": {
        "start": {
          "line": 62,
          "column": 8
        },
        "end": {
          "line": 62,
          "column": 15
        }
      },
      "20": {
        "start": {
          "line": 63,
          "column": 32
        },
        "end": {
          "line": 63,
          "column": 115
        }
      },
      "21": {
        "start": {
          "line": 64,
          "column": 6
        },
        "end": {
          "line": 65,
          "column": 54
        }
      },
      "22": {
        "start": {
          "line": 65,
          "column": 8
        },
        "end": {
          "line": 65,
          "column": 54
        }
      }
    },
    "fnMap": {
      "0": {
        "name": "(anonymous_0)",
        "decl": {
          "start": {
            "line": 13,
            "column": 24
          },
          "end": {
            "line": 13,
            "column": 25
          }
        },
        "loc": {
          "start": {
            "line": 13,
            "column": 38
          },
          "end": {
            "line": 15,
            "column": 3
          }
        },
        "line": 13
      },
      "1": {
        "name": "Person",
        "decl": {
          "start": {
            "line": 18,
            "column": 24
          },
          "end": {
            "line": 18,
            "column": 30
          }
        },
        "loc": {
          "start": {
            "line": 18,
            "column": 38
          },
          "end": {
            "line": 48,
            "column": 1
          }
        },
        "line": 18
      },
      "2": {
        "name": "(anonymous_2)",
        "decl": {
          "start": {
            "line": 58,
            "column": 9
          },
          "end": {
            "line": 58,
            "column": 10
          }
        },
        "loc": {
          "start": {
            "line": 58,
            "column": 29
          },
          "end": {
            "line": 67,
            "column": 3
          }
        },
        "line": 58
      },
      "3": {
        "name": "(anonymous_3)",
        "decl": {
          "start": {
            "line": 60,
            "column": 27
          },
          "end": {
            "line": 60,
            "column": 28
          }
        },
        "loc": {
          "start": {
            "line": 60,
            "column": 44
          },
          "end": {
            "line": 66,
            "column": 5
          }
        },
        "line": 60
      }
    },
    "branchMap": {
      "0": {
        "loc": {
          "start": {
            "line": 7,
            "column": 0
          },
          "end": {
            "line": 17,
            "column": 1
          }
        },
        "type": "if",
        "locations": [
          {
            "start": {
              "line": 7,
              "column": 0
            },
            "end": {
              "line": 17,
              "column": 1
            }
          },
          {
            "start": {},
            "end": {}
          }
        ],
        "line": 7
      },
      "1": {
        "loc": {
          "start": {
            "line": 8,
            "column": 2
          },
          "end": {
            "line": 10,
            "column": 3
          }
        },
        "type": "if",
        "locations": [
          {
            "start": {
              "line": 8,
              "column": 2
            },
            "end": {
              "line": 10,
              "column": 3
            }
          },
          {
            "start": {},
            "end": {}
          }
        ],
        "line": 8
      },
      "2": {
        "loc": {
          "start": {
            "line": 52,
            "column": 0
          },
          "end": {
            "line": 68,
            "column": 1
          }
        },
        "type": "if",
        "locations": [
          {
            "start": {
              "line": 52,
              "column": 0
            },
            "end": {
              "line": 68,
              "column": 1
            }
          },
          {
            "start": {},
            "end": {}
          }
        ],
        "line": 52
      },
      "3": {
        "loc": {
          "start": {
            "line": 61,
            "column": 6
          },
          "end": {
            "line": 62,
            "column": 15
          }
        },
        "type": "if",
        "locations": [
          {
            "start": {
              "line": 61,
              "column": 6
            },
            "end": {
              "line": 62,
              "column": 15
            }
          },
          {
            "start": {},
            "end": {}
          }
        ],
        "line": 61
      },
      "4": {
        "loc": {
          "start": {
            "line": 64,
            "column": 6
          },
          "end": {
            "line": 65,
            "column": 54
          }
        },
        "type": "if",
        "locations": [
          {
            "start": {
              "line": 64,
              "column": 6
            },
            "end": {
              "line": 65,
              "column": 54
            }
          },
          {
            "start": {},
            "end": {}
          }
        ],
        "line": 64
      }
    },
    "s": {
      "0": 1,
      "1": 1,
      "2": 0,
      "3": 1,
      "4": 1,
      "5": 1,
      "6": 1,
      "7": 1,
      "8": 20,
      "9": 20,
      "10": 1,
      "11": 1,
      "12": 1,
      "13": 1,
      "14": 1,
      "15": 1,
      "16": 0,
      "17": 0,
      "18": 0,
      "19": 0,
      "20": 0,
      "21": 0,
      "22": 0
    },
    "f": {
      "0": 1,
      "1": 20,
      "2": 0,
      "3": 0
    },
    "b": {
      "0": [
        1,
        0
      ],
      "1": [
        0,
        1
      ],
      "2": [
        1,
        0
      ],
      "3": [
        0,
        0
      ],
      "4": [
        0,
        0
      ]
    },
    "inputSourceMap": {
      "version": 3,
      "mappings": "AAYM;AAZN,2BAA2B;AAAQ,IAAa;AAAA;AAAA;AAAA;AAAA;AAAA;AAAA;AAAA;AAAA;AAAA;AAAA;AAAA;AAAA;AAOhD,wBAAwBA,OAAOC,OAAoB;AACjD,QAAM;AAAA,IAAEC;AAAAA,IAAMC;AAAAA,EAAM,IAAIF;AAExB,SACE,uBAAC,SAAI,WAAU,eAAc,SAASE,OAAO,MAAK,gBAChD;AAAA,2BAAC,SAAI,WAAU,sBAAsBD,eAAKE,QAA1C;AAAA;AAAA;AAAA;AAAA,WAA+C;AAAA,IAC/C,uBAAC,SAAI,WAAU,uBACb,iCAAC,SAAI,KAAKF,KAAKG,OAAO,KAAI,mBAA1B;AAAA;AAAA;AAAA;AAAA,WAAyC,KAD3C;AAAA;AAAA;AAAA;AAAA,WAEA;AAAA,IACA,uBAAC,SAAI,WAAU,qBAAqBH,eAAKI,WAAzC;AAAA;AAAA;AAAA;AAAA,WAAiD;AAAA,OALnD;AAAA;AAAA;AAAA;AAAA,SAMA;AAEJ;AAACC,KAZuBP;AAAM;AAAAQ",
      "names": [
        "Person",
        "props",
        "data",
        "click",
        "name",
        "image",
        "species",
        "_c",
        "$RefreshReg$"
      ],
      "sources": [
        "H:/IT - старт и вперед/RSschool/REACT-RSSchool/react-course-RSS/src/components/Person/Person.tsx"
      ],
      "file": "H:/IT - старт и вперед/RSschool/REACT-RSSchool/react-course-RSS/src/components/Person/Person.tsx"
    },
    "_coverageSchema": "1a1c01bbd47fc00a2c39e90264f33305004495a9",
    "hash": "55f8c15ca5613591bb4474c89cdd22c421f0d4b6"
  },
  "H:/IT - старт и вперед/RSschool/REACT-RSSchool/react-course-RSS/src/components/ModalWindow/ModalWindow.tsx": {
    "path": "H:/IT - старт и вперед/RSschool/REACT-RSSchool/react-course-RSS/src/components/ModalWindow/ModalWindow.tsx",
    "statementMap": {
      "0": {
        "start": {
          "line": 7,
          "column": 0
        },
        "end": {
          "line": 17,
          "column": 1
        }
      },
      "1": {
        "start": {
          "line": 8,
          "column": 2
        },
        "end": {
          "line": 10,
          "column": 3
        }
      },
      "2": {
        "start": {
          "line": 9,
          "column": 4
        },
        "end": {
          "line": 9,
          "column": 165
        }
      },
      "3": {
        "start": {
          "line": 11,
          "column": 2
        },
        "end": {
          "line": 11,
          "column": 39
        }
      },
      "4": {
        "start": {
          "line": 12,
          "column": 2
        },
        "end": {
          "line": 12,
          "column": 39
        }
      },
      "5": {
        "start": {
          "line": 13,
          "column": 2
        },
        "end": {
          "line": 15,
          "column": 4
        }
      },
      "6": {
        "start": {
          "line": 14,
          "column": 4
        },
        "end": {
          "line": 14,
          "column": 150
        }
      },
      "7": {
        "start": {
          "line": 16,
          "column": 2
        },
        "end": {
          "line": 16,
          "column": 75
        }
      },
      "8": {
        "start": {
          "line": 18,
          "column": 9
        },
        "end": {
          "line": 18,
          "column": 23
        }
      },
      "9": {
        "start": {
          "line": 23,
          "column": 2
        },
        "end": {
          "line": 23,
          "column": 7
        }
      },
      "10": {
        "start": {
          "line": 28,
          "column": 6
        },
        "end": {
          "line": 28,
          "column": 11
        }
      },
      "11": {
        "start": {
          "line": 29,
          "column": 38
        },
        "end": {
          "line": 29,
          "column": 53
        }
      },
      "12": {
        "start": {
          "line": 30,
          "column": 20
        },
        "end": {
          "line": 34,
          "column": 3
        }
      },
      "13": {
        "start": {
          "line": 31,
          "column": 4
        },
        "end": {
          "line": 33,
          "column": 5
        }
      },
      "14": {
        "start": {
          "line": 32,
          "column": 6
        },
        "end": {
          "line": 32,
          "column": 20
        }
      },
      "15": {
        "start": {
          "line": 35,
          "column": 2
        },
        "end": {
          "line": 40,
          "column": 5
        }
      },
      "16": {
        "start": {
          "line": 36,
          "column": 4
        },
        "end": {
          "line": 36,
          "column": 59
        }
      },
      "17": {
        "start": {
          "line": 37,
          "column": 4
        },
        "end": {
          "line": 39,
          "column": 6
        }
      },
      "18": {
        "start": {
          "line": 38,
          "column": 6
        },
        "end": {
          "line": 38,
          "column": 64
        }
      },
      "19": {
        "start": {
          "line": 41,
          "column": 2
        },
        "end": {
          "line": 43,
          "column": 9
        }
      },
      "20": {
        "start": {
          "line": 42,
          "column": 4
        },
        "end": {
          "line": 42,
          "column": 24
        }
      },
      "21": {
        "start": {
          "line": 44,
          "column": 2
        },
        "end": {
          "line": 74,
          "column": 29
        }
      },
      "22": {
        "start": {
          "line": 45,
          "column": 4
        },
        "end": {
          "line": 74,
          "column": 29
        }
      },
      "23": {
        "start": {
          "line": 46,
          "column": 6
        },
        "end": {
          "line": 46,
          "column": 30
        }
      },
      "24": {
        "start": {
          "line": 75,
          "column": 2
        },
        "end": {
          "line": 75,
          "column": 14
        }
      },
      "25": {
        "start": {
          "line": 77,
          "column": 0
        },
        "end": {
          "line": 77,
          "column": 48
        }
      },
      "26": {
        "start": {
          "line": 78,
          "column": 0
        },
        "end": {
          "line": 78,
          "column": 17
        }
      },
      "27": {
        "start": {
          "line": 80,
          "column": 0
        },
        "end": {
          "line": 80,
          "column": 32
        }
      },
      "28": {
        "start": {
          "line": 81,
          "column": 0
        },
        "end": {
          "line": 97,
          "column": 1
        }
      },
      "29": {
        "start": {
          "line": 82,
          "column": 2
        },
        "end": {
          "line": 82,
          "column": 39
        }
      },
      "30": {
        "start": {
          "line": 83,
          "column": 2
        },
        "end": {
          "line": 83,
          "column": 39
        }
      },
      "31": {
        "start": {
          "line": 84,
          "column": 2
        },
        "end": {
          "line": 96,
          "column": 5
        }
      },
      "32": {
        "start": {
          "line": 88,
          "column": 4
        },
        "end": {
          "line": 88,
          "column": 176
        }
      },
      "33": {
        "start": {
          "line": 89,
          "column": 4
        },
        "end": {
          "line": 95,
          "column": 7
        }
      },
      "34": {
        "start": {
          "line": 90,
          "column": 6
        },
        "end": {
          "line": 91,
          "column": 15
        }
      },
      "35": {
        "start": {
          "line": 91,
          "column": 8
        },
        "end": {
          "line": 91,
          "column": 15
        }
      },
      "36": {
        "start": {
          "line": 92,
          "column": 32
        },
        "end": {
          "line": 92,
          "column": 115
        }
      },
      "37": {
        "start": {
          "line": 93,
          "column": 6
        },
        "end": {
          "line": 94,
          "column": 54
        }
      },
      "38": {
        "start": {
          "line": 94,
          "column": 8
        },
        "end": {
          "line": 94,
          "column": 54
        }
      }
    },
    "fnMap": {
      "0": {
        "name": "(anonymous_0)",
        "decl": {
          "start": {
            "line": 13,
            "column": 24
          },
          "end": {
            "line": 13,
            "column": 25
          }
        },
        "loc": {
          "start": {
            "line": 13,
            "column": 38
          },
          "end": {
            "line": 15,
            "column": 3
          }
        },
        "line": 13
      },
      "1": {
        "name": "ModalWindow",
        "decl": {
          "start": {
            "line": 22,
            "column": 24
          },
          "end": {
            "line": 22,
            "column": 35
          }
        },
        "loc": {
          "start": {
            "line": 22,
            "column": 43
          },
          "end": {
            "line": 76,
            "column": 1
          }
        },
        "line": 22
      },
      "2": {
        "name": "(anonymous_2)",
        "decl": {
          "start": {
            "line": 30,
            "column": 20
          },
          "end": {
            "line": 30,
            "column": 21
          }
        },
        "loc": {
          "start": {
            "line": 30,
            "column": 31
          },
          "end": {
            "line": 34,
            "column": 3
          }
        },
        "line": 30
      },
      "3": {
        "name": "(anonymous_3)",
        "decl": {
          "start": {
            "line": 35,
            "column": 12
          },
          "end": {
            "line": 35,
            "column": 13
          }
        },
        "loc": {
          "start": {
            "line": 35,
            "column": 18
          },
          "end": {
            "line": 40,
            "column": 3
          }
        },
        "line": 35
      },
      "4": {
        "name": "cleanUp",
        "decl": {
          "start": {
            "line": 37,
            "column": 20
          },
          "end": {
            "line": 37,
            "column": 27
          }
        },
        "loc": {
          "start": {
            "line": 37,
            "column": 30
          },
          "end": {
            "line": 39,
            "column": 5
          }
        },
        "line": 37
      },
      "5": {
        "name": "(anonymous_5)",
        "decl": {
          "start": {
            "line": 41,
            "column": 12
          },
          "end": {
            "line": 41,
            "column": 13
          }
        },
        "loc": {
          "start": {
            "line": 41,
            "column": 18
          },
          "end": {
            "line": 43,
            "column": 3
          }
        },
        "line": 41
      },
      "6": {
        "name": "(anonymous_6)",
        "decl": {
          "start": {
            "line": 45,
            "column": 317
          },
          "end": {
            "line": 45,
            "column": 318
          }
        },
        "loc": {
          "start": {
            "line": 45,
            "column": 328
          },
          "end": {
            "line": 47,
            "column": 5
          }
        },
        "line": 45
      },
      "7": {
        "name": "(anonymous_7)",
        "decl": {
          "start": {
            "line": 87,
            "column": 9
          },
          "end": {
            "line": 87,
            "column": 10
          }
        },
        "loc": {
          "start": {
            "line": 87,
            "column": 29
          },
          "end": {
            "line": 96,
            "column": 3
          }
        },
        "line": 87
      },
      "8": {
        "name": "(anonymous_8)",
        "decl": {
          "start": {
            "line": 89,
            "column": 27
          },
          "end": {
            "line": 89,
            "column": 28
          }
        },
        "loc": {
          "start": {
            "line": 89,
            "column": 44
          },
          "end": {
            "line": 95,
            "column": 5
          }
        },
        "line": 89
      }
    },
    "branchMap": {
      "0": {
        "loc": {
          "start": {
            "line": 7,
            "column": 0
          },
          "end": {
            "line": 17,
            "column": 1
          }
        },
        "type": "if",
        "locations": [
          {
            "start": {
              "line": 7,
              "column": 0
            },
            "end": {
              "line": 17,
              "column": 1
            }
          },
          {
            "start": {},
            "end": {}
          }
        ],
        "line": 7
      },
      "1": {
        "loc": {
          "start": {
            "line": 8,
            "column": 2
          },
          "end": {
            "line": 10,
            "column": 3
          }
        },
        "type": "if",
        "locations": [
          {
            "start": {
              "line": 8,
              "column": 2
            },
            "end": {
              "line": 10,
              "column": 3
            }
          },
          {
            "start": {},
            "end": {}
          }
        ],
        "line": 8
      },
      "2": {
        "loc": {
          "start": {
            "line": 31,
            "column": 4
          },
          "end": {
            "line": 33,
            "column": 5
          }
        },
        "type": "if",
        "locations": [
          {
            "start": {
              "line": 31,
              "column": 4
            },
            "end": {
              "line": 33,
              "column": 5
            }
          },
          {
            "start": {},
            "end": {}
          }
        ],
        "line": 31
      },
      "3": {
        "loc": {
          "start": {
            "line": 31,
            "column": 8
          },
          "end": {
            "line": 31,
            "column": 40
          }
        },
        "type": "binary-expr",
        "locations": [
          {
            "start": {
              "line": 31,
              "column": 8
            },
            "end": {
              "line": 31,
              "column": 30
            }
          },
          {
            "start": {
              "line": 31,
              "column": 34
            },
            "end": {
              "line": 31,
              "column": 40
            }
          }
        ],
        "line": 31
      },
      "4": {
        "loc": {
          "start": {
            "line": 44,
            "column": 2
          },
          "end": {
            "line": 74,
            "column": 29
          }
        },
        "type": "if",
        "locations": [
          {
            "start": {
              "line": 44,
              "column": 2
            },
            "end": {
              "line": 74,
              "column": 29
            }
          },
          {
            "start": {},
            "end": {}
          }
        ],
        "line": 44
      },
      "5": {
        "loc": {
          "start": {
            "line": 45,
            "column": 119
          },
          "end": {
            "line": 45,
            "column": 141
          }
        },
        "type": "cond-expr",
        "locations": [
          {
            "start": {
              "line": 45,
              "column": 128
            },
            "end": {
              "line": 45,
              "column": 136
            }
          },
          {
            "start": {
              "line": 45,
              "column": 139
            },
            "end": {
              "line": 45,
              "column": 141
            }
          }
        ],
        "line": 45
      },
      "6": {
        "loc": {
          "start": {
            "line": 45,
            "column": 282
          },
          "end": {
            "line": 45,
            "column": 304
          }
        },
        "type": "cond-expr",
        "locations": [
          {
            "start": {
              "line": 45,
              "column": 291
            },
            "end": {
              "line": 45,
              "column": 299
            }
          },
          {
            "start": {
              "line": 45,
              "column": 302
            },
            "end": {
              "line": 45,
              "column": 304
            }
          }
        ],
        "line": 45
      },
      "7": {
        "loc": {
          "start": {
            "line": 81,
            "column": 0
          },
          "end": {
            "line": 97,
            "column": 1
          }
        },
        "type": "if",
        "locations": [
          {
            "start": {
              "line": 81,
              "column": 0
            },
            "end": {
              "line": 97,
              "column": 1
            }
          },
          {
            "start": {},
            "end": {}
          }
        ],
        "line": 81
      },
      "8": {
        "loc": {
          "start": {
            "line": 90,
            "column": 6
          },
          "end": {
            "line": 91,
            "column": 15
          }
        },
        "type": "if",
        "locations": [
          {
            "start": {
              "line": 90,
              "column": 6
            },
            "end": {
              "line": 91,
              "column": 15
            }
          },
          {
            "start": {},
            "end": {}
          }
        ],
        "line": 90
      },
      "9": {
        "loc": {
          "start": {
            "line": 93,
            "column": 6
          },
          "end": {
            "line": 94,
            "column": 54
          }
        },
        "type": "if",
        "locations": [
          {
            "start": {
              "line": 93,
              "column": 6
            },
            "end": {
              "line": 94,
              "column": 54
            }
          },
          {
            "start": {},
            "end": {}
          }
        ],
        "line": 93
      }
    },
    "s": {
      "0": 1,
      "1": 1,
      "2": 0,
      "3": 1,
      "4": 1,
      "5": 1,
      "6": 1,
      "7": 1,
      "8": 1,
      "9": 1,
      "10": 1,
      "11": 1,
      "12": 1,
      "13": 0,
      "14": 0,
      "15": 1,
      "16": 0,
      "17": 0,
      "18": 0,
      "19": 1,
      "20": 0,
      "21": 1,
      "22": 0,
      "23": 0,
      "24": 1,
      "25": 1,
      "26": 1,
      "27": 1,
      "28": 1,
      "29": 1,
      "30": 1,
      "31": 1,
      "32": 0,
      "33": 0,
      "34": 0,
      "35": 0,
      "36": 0,
      "37": 0,
      "38": 0
    },
    "f": {
      "0": 1,
      "1": 1,
      "2": 0,
      "3": 0,
      "4": 0,
      "5": 0,
      "6": 0,
      "7": 0,
      "8": 0
    },
    "b": {
      "0": [
        1,
        0
      ],
      "1": [
        0,
        1
      ],
      "2": [
        0,
        0
      ],
      "3": [
        0,
        0
      ],
      "4": [
        0,
        1
      ],
      "5": [
        0,
        0
      ],
      "6": [
        0,
        0
      ],
      "7": [
        1,
        0
      ],
      "8": [
        0,
        0
      ],
      "9": [
        0,
        0
      ]
    },
    "inputSourceMap": {
      "version": 3,
      "mappings": "AA2Cc;;;;;;;;;;;;;;;;AA3Cd,SAAoBA,WAAWC,gBAAgB;AAC/C,SAASC,oBAAoB;AAE7B,OAAOC,cAAc;AAQrB,wBAAwBC,YAAYC,OAAyB;AAAAC;AAC3D,QAAM;AAAA,IAAEC;AAAAA,IAAQC;AAAAA,IAAaC;AAAAA,EAAS,IAAIJ;AAC1C,QAAM,CAACK,YAAYC,aAAa,IAAIV,SAAS,KAAK;AAClD,QAAMW,YAAYA,CAACC,UAAyB;AAC1C,QAAIA,MAAMC,QAAQ,YAAYP,QAAQ;AACpCC,kBAAY;AAAA,IACd;AAAA,EACF;AAEAR,YAAU,MAAM;AACde,aAASC,iBAAiB,WAAWJ,WAAW,KAAK;AACrD,WAAO,SAASK,UAAU;AACxBF,eAASG,oBAAoB,WAAWN,WAAW,KAAK;AAAA,IAC1D;AAAA,EACF,CAAC;AAEDZ,YAAU,MAAM;AACdW,kBAAc,IAAI;AAAA,EACpB,GAAG,EAAE;AAEL,MAAID;AACF,WAAOR,aACL,uBAAC,SAAI,eAAY,mBAAkB,WAAY,kBAAiBK,SAAS,WAAW,MAAM,MAAK,gBAAe,SAASC,aACrH,iCAAC,SACC,MAAK,gBACL,WAAY,kBAAiBD,SAAS,WAAW,MACjD,SAAS,CAACM,UAA4C;AACpDA,YAAMM,gBAAgB;AAAA,IACxB,GAEA;AAAA,6BAAC,SAAI,WAAU,iBACb,iCAAC,SAAI,eAAY,kBAAiB,MAAK,gBAAe,WAAU,gBAAe,SAASX,aACtF,iCAAC,SAAI,KAAKL,UAAU,KAAI,WAAxB;AAAA;AAAA;AAAA;AAAA,aAA+B,KADjC;AAAA;AAAA;AAAA;AAAA,aAEA,KAHF;AAAA;AAAA;AAAA;AAAA,aAIA;AAAA,MACA,uBAAC,SAAI,WAAU,eAAeM,YAA9B;AAAA;AAAA;AAAA;AAAA,aAAuC;AAAA,SAZzC;AAAA;AAAA;AAAA;AAAA,WAaA,KAdF;AAAA;AAAA;AAAA;AAAA,WAeA,GACAM,SAASK,IACX;AACF,SAAO;AACT;AAACd,GAzCuBF,aAAW;AAAAiB,KAAXjB;AAAW;AAAAkB",
      "names": [
        "useEffect",
        "useState",
        "createPortal",
        "closeImg",
        "ModalWindow",
        "props",
        "_s",
        "isOpen",
        "closeWindow",
        "children",
        "isDomReady",
        "setIsDomReady",
        "onKeyDown",
        "event",
        "key",
        "document",
        "addEventListener",
        "cleanUp",
        "removeEventListener",
        "stopPropagation",
        "body",
        "_c",
        "$RefreshReg$"
      ],
      "sources": [
        "H:/IT - старт и вперед/RSschool/REACT-RSSchool/react-course-RSS/src/components/ModalWindow/ModalWindow.tsx"
      ],
      "file": "H:/IT - старт и вперед/RSschool/REACT-RSSchool/react-course-RSS/src/components/ModalWindow/ModalWindow.tsx"
    },
    "_coverageSchema": "1a1c01bbd47fc00a2c39e90264f33305004495a9",
    "hash": "d6d910a31ad8b70c5987150055fc30dbea8287d7"
  },
  "H:/IT - старт и вперед/RSschool/REACT-RSSchool/react-course-RSS/src/components/PersonDetails/PersonDetails.tsx": {
    "path": "H:/IT - старт и вперед/RSschool/REACT-RSSchool/react-course-RSS/src/components/PersonDetails/PersonDetails.tsx",
    "statementMap": {
      "0": {
        "start": {
          "line": 7,
          "column": 0
        },
        "end": {
          "line": 17,
          "column": 1
        }
      },
      "1": {
        "start": {
          "line": 8,
          "column": 2
        },
        "end": {
          "line": 10,
          "column": 3
        }
      },
      "2": {
        "start": {
          "line": 9,
          "column": 4
        },
        "end": {
          "line": 9,
          "column": 165
        }
      },
      "3": {
        "start": {
          "line": 11,
          "column": 2
        },
        "end": {
          "line": 11,
          "column": 39
        }
      },
      "4": {
        "start": {
          "line": 12,
          "column": 2
        },
        "end": {
          "line": 12,
          "column": 39
        }
      },
      "5": {
        "start": {
          "line": 13,
          "column": 2
        },
        "end": {
          "line": 15,
          "column": 4
        }
      },
      "6": {
        "start": {
          "line": 14,
          "column": 4
        },
        "end": {
          "line": 14,
          "column": 154
        }
      },
      "7": {
        "start": {
          "line": 16,
          "column": 2
        },
        "end": {
          "line": 16,
          "column": 75
        }
      },
      "8": {
        "start": {
          "line": 18,
          "column": 9
        },
        "end": {
          "line": 18,
          "column": 23
        }
      },
      "9": {
        "start": {
          "line": 24,
          "column": 2
        },
        "end": {
          "line": 24,
          "column": 7
        }
      },
      "10": {
        "start": {
          "line": 25,
          "column": 13
        },
        "end": {
          "line": 25,
          "column": 59
        }
      },
      "11": {
        "start": {
          "line": 25,
          "column": 39
        },
        "end": {
          "line": 25,
          "column": 58
        }
      },
      "12": {
        "start": {
          "line": 30,
          "column": 6
        },
        "end": {
          "line": 30,
          "column": 34
        }
      },
      "13": {
        "start": {
          "line": 31,
          "column": 2
        },
        "end": {
          "line": 36,
          "column": 13
        }
      },
      "14": {
        "start": {
          "line": 32,
          "column": 4
        },
        "end": {
          "line": 36,
          "column": 13
        }
      },
      "15": {
        "start": {
          "line": 37,
          "column": 2
        },
        "end": {
          "line": 42,
          "column": 13
        }
      },
      "16": {
        "start": {
          "line": 38,
          "column": 4
        },
        "end": {
          "line": 42,
          "column": 13
        }
      },
      "17": {
        "start": {
          "line": 43,
          "column": 2
        },
        "end": {
          "line": 95,
          "column": 11
        }
      },
      "18": {
        "start": {
          "line": 97,
          "column": 0
        },
        "end": {
          "line": 99,
          "column": 3
        }
      },
      "19": {
        "start": {
          "line": 98,
          "column": 2
        },
        "end": {
          "line": 98,
          "column": 52
        }
      },
      "20": {
        "start": {
          "line": 100,
          "column": 0
        },
        "end": {
          "line": 100,
          "column": 19
        }
      },
      "21": {
        "start": {
          "line": 102,
          "column": 0
        },
        "end": {
          "line": 102,
          "column": 34
        }
      },
      "22": {
        "start": {
          "line": 103,
          "column": 0
        },
        "end": {
          "line": 119,
          "column": 1
        }
      },
      "23": {
        "start": {
          "line": 104,
          "column": 2
        },
        "end": {
          "line": 104,
          "column": 39
        }
      },
      "24": {
        "start": {
          "line": 105,
          "column": 2
        },
        "end": {
          "line": 105,
          "column": 39
        }
      },
      "25": {
        "start": {
          "line": 106,
          "column": 2
        },
        "end": {
          "line": 118,
          "column": 5
        }
      },
      "26": {
        "start": {
          "line": 110,
          "column": 4
        },
        "end": {
          "line": 110,
          "column": 180
        }
      },
      "27": {
        "start": {
          "line": 111,
          "column": 4
        },
        "end": {
          "line": 117,
          "column": 7
        }
      },
      "28": {
        "start": {
          "line": 112,
          "column": 6
        },
        "end": {
          "line": 113,
          "column": 15
        }
      },
      "29": {
        "start": {
          "line": 113,
          "column": 8
        },
        "end": {
          "line": 113,
          "column": 15
        }
      },
      "30": {
        "start": {
          "line": 114,
          "column": 32
        },
        "end": {
          "line": 114,
          "column": 115
        }
      },
      "31": {
        "start": {
          "line": 115,
          "column": 6
        },
        "end": {
          "line": 116,
          "column": 54
        }
      },
      "32": {
        "start": {
          "line": 116,
          "column": 8
        },
        "end": {
          "line": 116,
          "column": 54
        }
      }
    },
    "fnMap": {
      "0": {
        "name": "(anonymous_0)",
        "decl": {
          "start": {
            "line": 13,
            "column": 24
          },
          "end": {
            "line": 13,
            "column": 25
          }
        },
        "loc": {
          "start": {
            "line": 13,
            "column": 38
          },
          "end": {
            "line": 15,
            "column": 3
          }
        },
        "line": 13
      },
      "1": {
        "name": "PersonDetails",
        "decl": {
          "start": {
            "line": 23,
            "column": 24
          },
          "end": {
            "line": 23,
            "column": 37
          }
        },
        "loc": {
          "start": {
            "line": 23,
            "column": 40
          },
          "end": {
            "line": 96,
            "column": 1
          }
        },
        "line": 23
      },
      "2": {
        "name": "(anonymous_2)",
        "decl": {
          "start": {
            "line": 25,
            "column": 28
          },
          "end": {
            "line": 25,
            "column": 29
          }
        },
        "loc": {
          "start": {
            "line": 25,
            "column": 39
          },
          "end": {
            "line": 25,
            "column": 58
          }
        },
        "line": 25
      },
      "3": {
        "name": "(anonymous_3)",
        "decl": {
          "start": {
            "line": 97,
            "column": 57
          },
          "end": {
            "line": 97,
            "column": 58
          }
        },
        "loc": {
          "start": {
            "line": 97,
            "column": 68
          },
          "end": {
            "line": 99,
            "column": 1
          }
        },
        "line": 97
      },
      "4": {
        "name": "(anonymous_4)",
        "decl": {
          "start": {
            "line": 109,
            "column": 9
          },
          "end": {
            "line": 109,
            "column": 10
          }
        },
        "loc": {
          "start": {
            "line": 109,
            "column": 29
          },
          "end": {
            "line": 118,
            "column": 3
          }
        },
        "line": 109
      },
      "5": {
        "name": "(anonymous_5)",
        "decl": {
          "start": {
            "line": 111,
            "column": 27
          },
          "end": {
            "line": 111,
            "column": 28
          }
        },
        "loc": {
          "start": {
            "line": 111,
            "column": 44
          },
          "end": {
            "line": 117,
            "column": 5
          }
        },
        "line": 111
      }
    },
    "branchMap": {
      "0": {
        "loc": {
          "start": {
            "line": 7,
            "column": 0
          },
          "end": {
            "line": 17,
            "column": 1
          }
        },
        "type": "if",
        "locations": [
          {
            "start": {
              "line": 7,
              "column": 0
            },
            "end": {
              "line": 17,
              "column": 1
            }
          },
          {
            "start": {},
            "end": {}
          }
        ],
        "line": 7
      },
      "1": {
        "loc": {
          "start": {
            "line": 8,
            "column": 2
          },
          "end": {
            "line": 10,
            "column": 3
          }
        },
        "type": "if",
        "locations": [
          {
            "start": {
              "line": 8,
              "column": 2
            },
            "end": {
              "line": 10,
              "column": 3
            }
          },
          {
            "start": {},
            "end": {}
          }
        ],
        "line": 8
      },
      "2": {
        "loc": {
          "start": {
            "line": 31,
            "column": 2
          },
          "end": {
            "line": 36,
            "column": 13
          }
        },
        "type": "if",
        "locations": [
          {
            "start": {
              "line": 31,
              "column": 2
            },
            "end": {
              "line": 36,
              "column": 13
            }
          },
          {
            "start": {},
            "end": {}
          }
        ],
        "line": 31
      },
      "3": {
        "loc": {
          "start": {
            "line": 37,
            "column": 2
          },
          "end": {
            "line": 42,
            "column": 13
          }
        },
        "type": "if",
        "locations": [
          {
            "start": {
              "line": 37,
              "column": 2
            },
            "end": {
              "line": 42,
              "column": 13
            }
          },
          {
            "start": {},
            "end": {}
          }
        ],
        "line": 37
      },
      "4": {
        "loc": {
          "start": {
            "line": 37,
            "column": 6
          },
          "end": {
            "line": 37,
            "column": 43
          }
        },
        "type": "binary-expr",
        "locations": [
          {
            "start": {
              "line": 37,
              "column": 6
            },
            "end": {
              "line": 37,
              "column": 11
            }
          },
          {
            "start": {
              "line": 37,
              "column": 15
            },
            "end": {
              "line": 37,
              "column": 24
            }
          },
          {
            "start": {
              "line": 37,
              "column": 28
            },
            "end": {
              "line": 37,
[...]
          "column": 8
        },
        "end": {
          "line": 62,
          "column": 15
        }
      },
      "19": {
        "start": {
          "line": 63,
          "column": 32
        },
        "end": {
          "line": 63,
          "column": 115
        }
      },
      "20": {
        "start": {
          "line": 64,
          "column": 6
        },
        "end": {
          "line": 65,
          "column": 54
        }
      },
      "21": {
        "start": {
          "line": 65,
          "column": 8
        },
        "end": {
          "line": 65,
          "column": 54
        }
      }
    },
    "fnMap": {
      "0": {
        "name": "(anonymous_0)",
        "decl": {
          "start": {
            "line": 13,
            "column": 24
          },
          "end": {
            "line": 13,
            "column": 25
          }
        },
        "loc": {
          "start": {
            "line": 13,
            "column": 38
          },
          "end": {
            "line": 15,
            "column": 3
          }
        },
        "line": 13
      },
      "1": {
        "name": "FormPage",
        "decl": {
          "start": {
            "line": 20,
            "column": 24
          },
          "end": {
            "line": 20,
            "column": 32
          }
        },
        "loc": {
          "start": {
            "line": 20,
            "column": 35
          },
          "end": {
            "line": 48,
            "column": 1
          }
        },
        "line": 20
      },
      "2": {
        "name": "(anonymous_2)",
        "decl": {
          "start": {
            "line": 58,
            "column": 9
          },
          "end": {
            "line": 58,
            "column": 10
          }
        },
        "loc": {
          "start": {
            "line": 58,
            "column": 29
          },
          "end": {
            "line": 67,
            "column": 3
          }
        },
        "line": 58
      },
      "3": {
        "name": "(anonymous_3)",
        "decl": {
          "start": {
            "line": 60,
            "column": 27
          },
          "end": {
            "line": 60,
            "column": 28
          }
        },
        "loc": {
          "start": {
            "line": 60,
            "column": 44
          },
          "end": {
            "line": 66,
            "column": 5
          }
        },
        "line": 60
      }
    },
    "branchMap": {
      "0": {
        "loc": {
          "start": {
            "line": 7,
            "column": 0
          },
          "end": {
            "line": 17,
            "column": 1
          }
        },
        "type": "if",
        "locations": [
          {
            "start": {
              "line": 7,
              "column": 0
            },
            "end": {
              "line": 17,
              "column": 1
            }
          },
          {
            "start": {},
            "end": {}
          }
        ],
        "line": 7
      },
      "1": {
        "loc": {
          "start": {
            "line": 8,
            "column": 2
          },
          "end": {
            "line": 10,
            "column": 3
          }
        },
        "type": "if",
        "locations": [
          {
            "start": {
              "line": 8,
              "column": 2
            },
            "end": {
              "line": 10,
              "column": 3
            }
          },
          {
            "start": {},
            "end": {}
          }
        ],
        "line": 8
      },
      "2": {
        "loc": {
          "start": {
            "line": 52,
            "column": 0
          },
          "end": {
            "line": 68,
            "column": 1
          }
        },
        "type": "if",
        "locations": [
          {
            "start": {
              "line": 52,
              "column": 0
            },
            "end": {
              "line": 68,
              "column": 1
            }
          },
          {
            "start": {},
            "end": {}
          }
        ],
        "line": 52
      },
      "3": {
        "loc": {
          "start": {
            "line": 61,
            "column": 6
          },
          "end": {
            "line": 62,
            "column": 15
          }
        },
        "type": "if",
        "locations": [
          {
            "start": {
              "line": 61,
              "column": 6
            },
            "end": {
              "line": 62,
              "column": 15
            }
          },
          {
            "start": {},
            "end": {}
          }
        ],
        "line": 61
      },
      "4": {
        "loc": {
          "start": {
            "line": 64,
            "column": 6
          },
          "end": {
            "line": 65,
            "column": 54
          }
        },
        "type": "if",
        "locations": [
          {
            "start": {
              "line": 64,
              "column": 6
            },
            "end": {
              "line": 65,
              "column": 54
            }
          },
          {
            "start": {},
            "end": {}
          }
        ],
        "line": 64
      }
    },
    "s": {
      "0": 1,
      "1": 1,
      "2": 0,
      "3": 1,
      "4": 1,
      "5": 1,
      "6": 1,
      "7": 1,
      "8": 0,
      "9": 1,
      "10": 1,
      "11": 1,
      "12": 1,
      "13": 1,
      "14": 1,
      "15": 0,
      "16": 0,
      "17": 0,
      "18": 0,
      "19": 0,
      "20": 0,
      "21": 0
    },
    "f": {
      "0": 1,
      "1": 0,
      "2": 0,
      "3": 0
    },
    "b": {
      "0": [
        1,
        0
      ],
      "1": [
        0,
        1
      ],
      "2": [
        1,
        0
      ],
      "3": [
        0,
        0
      ],
      "4": [
        0,
        0
      ]
    },
    "inputSourceMap": {
      "version": 3,
      "mappings": "AAMM;AANN,OAAOA,oBAAmB;AAAA;AAAA;AAA8C;AAAA;AAAA;AAAA;AAAA;AAAA;AAAA;AAAA;AAAA;AAAA;AAAA;AAAA;AACxE,OAAOC,mBAAmB;AAE1B,wBAAwBC,WAAW;AACjC,SACE,uBAAC,UAAK,WAAU,aAAY,eAAY,aACtC;AAAA,2BAAC,QAAG,WAAU,eAAc,6DAA5B;AAAA;AAAA;AAAA;AAAA,WAAyE;AAAA,IACzE,uBAAC,SAAI,WAAU,iBACb;AAAA,6BAAC,mBAAD;AAAA;AAAA;AAAA;AAAA,aAAc;AAAA,MACd,uBAAC,mBAAD;AAAA;AAAA;AAAA;AAAA,aAAc;AAAA,SAFhB;AAAA;AAAA;AAAA;AAAA,WAGA;AAAA,OALF;AAAA;AAAA;AAAA;AAAA,SAMA;AAEJ;AAACC,KAVuBD;AAAQ;AAAAE",
      "names": [
        "FormComponent",
        "UsersCardList",
        "FormPage",
        "_c",
        "$RefreshReg$"
      ],
      "sources": [
        "H:/IT - старт и вперед/RSschool/REACT-RSSchool/react-course-RSS/src/pages/form/FormPage.tsx"
      ],
      "file": "H:/IT - старт и вперед/RSschool/REACT-RSSchool/react-course-RSS/src/pages/form/FormPage.tsx"
    },
    "_coverageSchema": "1a1c01bbd47fc00a2c39e90264f33305004495a9",
    "hash": "ad6483b804a74a7d8bec215a51a38c758edd1093"
  },
  "H:/IT - старт и вперед/RSschool/REACT-RSSchool/react-course-RSS/src/App.tsx": {
    "path": "H:/IT - старт и вперед/RSschool/REACT-RSSchool/react-course-RSS/src/App.tsx",
    "statementMap": {
      "0": {
        "start": {
          "line": 7,
          "column": 0
        },
        "end": {
          "line": 17,
          "column": 1
        }
      },
      "1": {
        "start": {
          "line": 8,
          "column": 2
        },
        "end": {
          "line": 10,
          "column": 3
        }
      },
      "2": {
        "start": {
          "line": 9,
          "column": 4
        },
        "end": {
          "line": 9,
          "column": 165
        }
      },
      "3": {
        "start": {
          "line": 11,
          "column": 2
        },
        "end": {
          "line": 11,
          "column": 39
        }
      },
      "4": {
        "start": {
          "line": 12,
          "column": 2
        },
        "end": {
          "line": 12,
          "column": 39
        }
      },
      "5": {
        "start": {
          "line": 13,
          "column": 2
        },
        "end": {
          "line": 15,
          "column": 4
        }
      },
      "6": {
        "start": {
          "line": 14,
          "column": 4
        },
        "end": {
          "line": 14,
          "column": 119
        }
      },
      "7": {
        "start": {
          "line": 16,
          "column": 2
        },
        "end": {
          "line": 16,
          "column": 75
        }
      },
      "8": {
        "start": {
          "line": 25,
          "column": 2
        },
        "end": {
          "line": 92,
          "column": 11
        }
      },
      "9": {
        "start": {
          "line": 94,
          "column": 0
        },
        "end": {
          "line": 94,
          "column": 9
        }
      },
      "10": {
        "start": {
          "line": 96,
          "column": 0
        },
        "end": {
          "line": 96,
          "column": 24
        }
      },
      "11": {
        "start": {
          "line": 97,
          "column": 0
        },
        "end": {
          "line": 113,
          "column": 1
        }
      },
      "12": {
        "start": {
          "line": 98,
          "column": 2
        },
        "end": {
          "line": 98,
          "column": 39
        }
      },
      "13": {
        "start": {
          "line": 99,
          "column": 2
        },
        "end": {
          "line": 99,
          "column": 39
        }
      },
      "14": {
        "start": {
          "line": 100,
          "column": 2
        },
        "end": {
          "line": 112,
          "column": 5
        }
      },
      "15": {
        "start": {
          "line": 104,
          "column": 4
        },
        "end": {
          "line": 104,
          "column": 145
        }
      },
      "16": {
        "start": {
          "line": 105,
          "column": 4
        },
        "end": {
          "line": 111,
          "column": 7
        }
      },
      "17": {
        "start": {
          "line": 106,
          "column": 6
        },
        "end": {
          "line": 107,
          "column": 15
        }
      },
      "18": {
        "start": {
          "line": 107,
          "column": 8
        },
        "end": {
          "line": 107,
          "column": 15
        }
      },
      "19": {
        "start": {
          "line": 108,
          "column": 32
        },
        "end": {
          "line": 108,
          "column": 115
        }
      },
      "20": {
        "start": {
          "line": 109,
          "column": 6
        },
        "end": {
          "line": 110,
          "column": 54
        }
      },
      "21": {
        "start": {
          "line": 110,
          "column": 8
        },
        "end": {
          "line": 110,
          "column": 54
        }
      }
    },
    "fnMap": {
      "0": {
        "name": "(anonymous_0)",
        "decl": {
          "start": {
            "line": 13,
            "column": 24
          },
          "end": {
            "line": 13,
            "column": 25
          }
        },
        "loc": {
          "start": {
            "line": 13,
            "column": 38
          },
          "end": {
            "line": 15,
            "column": 3
          }
        },
        "line": 13
      },
      "1": {
        "name": "App",
        "decl": {
          "start": {
            "line": 24,
            "column": 24
          },
          "end": {
            "line": 24,
            "column": 27
          }
        },
        "loc": {
          "start": {
            "line": 24,
            "column": 30
          },
          "end": {
            "line": 93,
            "column": 1
          }
        },
        "line": 24
      },
      "2": {
        "name": "(anonymous_2)",
        "decl": {
          "start": {
            "line": 103,
            "column": 9
          },
          "end": {
            "line": 103,
            "column": 10
          }
        },
        "loc": {
          "start": {
            "line": 103,
            "column": 29
          },
          "end": {
            "line": 112,
            "column": 3
          }
        },
        "line": 103
      },
      "3": {
        "name": "(anonymous_3)",
        "decl": {
          "start": {
            "line": 105,
            "column": 27
          },
          "end": {
            "line": 105,
            "column": 28
          }
        },
        "loc": {
          "start": {
            "line": 105,
            "column": 44
          },
          "end": {
            "line": 111,
            "column": 5
          }
        },
        "line": 105
      }
    },
    "branchMap": {
      "0": {
        "loc": {
          "start": {
            "line": 7,
            "column": 0
          },
          "end": {
            "line": 17,
            "column": 1
          }
        },
        "type": "if",
        "locations": [
          {
            "start": {
              "line": 7,
              "column": 0
            },
            "end": {
              "line": 17,
              "column": 1
            }
          },
          {
            "start": {},
            "end": {}
          }
        ],
        "line": 7
      },
      "1": {
        "loc": {
          "start": {
            "line": 8,
            "column": 2
          },
          "end": {
            "line": 10,
            "column": 3
          }
        },
        "type": "if",
        "locations": [
          {
            "start": {
              "line": 8,
              "column": 2
            },
            "end": {
              "line": 10,
              "column": 3
            }
          },
          {
            "start": {},
            "end": {}
          }
        ],
        "line": 8
      },
      "2": {
        "loc": {
          "start": {
            "line": 97,
            "column": 0
          },
          "end": {
            "line": 113,
            "column": 1
          }
        },
        "type": "if",
        "locations": [
          {
            "start": {
              "line": 97,
              "column": 0
            },
            "end": {
              "line": 113,
              "column": 1
            }
          },
          {
            "start": {},
            "end": {}
          }
        ],
        "line": 97
      },
      "3": {
        "loc": {
          "start": {
            "line": 106,
            "column": 6
          },
          "end": {
            "line": 107,
            "column": 15
          }
        },
        "type": "if",
        "locations": [
          {
            "start": {
              "line": 106,
              "column": 6
            },
            "end": {
              "line": 107,
              "column": 15
            }
          },
          {
            "start": {},
            "end": {}
          }
        ],
        "line": 106
      },
      "4": {
        "loc": {
          "start": {
            "line": 109,
            "column": 6
          },
          "end": {
            "line": 110,
            "column": 54
          }
        },
        "type": "if",
        "locations": [
          {
            "start": {
              "line": 109,
              "column": 6
            },
            "end": {
              "line": 110,
              "column": 54
            }
          },
          {
            "start": {},
            "end": {}
          }
        ],
        "line": 109
      }
    },
    "s": {
      "0": 1,
      "1": 1,
      "2": 0,
      "3": 1,
      "4": 1,
      "5": 1,
      "6": 1,
      "7": 1,
      "8": 1,
      "9": 1,
      "10": 1,
      "11": 1,
      "12": 1,
      "13": 1,
      "14": 1,
      "15": 0,
      "16": 0,
      "17": 0,
      "18": 0,
      "19": 0,
      "20": 0,
      "21": 0
    },
    "f": {
      "0": 1,
      "1": 1,
      "2": 0,
      "3": 0
    },
    "b": {
      "0": [
        1,
        0
      ],
      "1": [
        0,
        1
      ],
      "2": [
        1,
        0
      ],
      "3": [
        0,
        0
      ],
      "4": [
        0,
        0
      ]
    },
    "inputSourceMap": {
      "version": 3,
      "mappings": "AAW+B;AAX/B,2BAAwBA;AAAgB;AAAkB;AAAA;AAAA;AAAA;AAAA;AAAA;AAAA;AAAA;AAAA;AAAA;AAAA;AAAA;AAAA;AAE1D,OAAOC,cAAc;AACrB,OAAOC,eAAe;AACtB,OAAOC,cAAc;AACrB,OAAOC,YAAY;AACnB,OAAOC,cAAc;AAErB,wBAAwBC,MAAM;AAC5B,SACE,uBAAC,UACC,iCAAC,SAAM,MAAK,KAAI,SAAS,uBAAC,YAAD;AAAA;AAAA;AAAA;AAAA,SAAO,GAC9B;AAAA,2BAAC,SAAM,OAAK,MAAC,SAAS,uBAAC,cAAD;AAAA;AAAA;AAAA;AAAA,WAAS,KAA/B;AAAA;AAAA;AAAA;AAAA,WAAmC;AAAA,IACnC,uBAAC,SAAM,MAAK,QAAO,SAAS,uBAAC,cAAD;AAAA;AAAA;AAAA;AAAA,WAAS,KAArC;AAAA;AAAA;AAAA;AAAA,WAAyC;AAAA,IACzC,uBAAC,SAAM,MAAK,SAAQ,SAAS,uBAAC,eAAD;AAAA;AAAA;AAAA;AAAA,WAAU,KAAvC;AAAA;AAAA;AAAA;AAAA,WAA2C;AAAA,IAC3C,uBAAC,SAAM,MAAK,OAAM,SAAS,uBAAC,cAAD;AAAA;AAAA;AAAA;AAAA,WAAS,KAApC;AAAA;AAAA;AAAA;AAAA,WAAwC;AAAA,IACxC,uBAAC,SAAM,MAAK,QAAO,SAAS,uBAAC,cAAD;AAAA;AAAA;AAAA;AAAA,WAAS,KAArC;AAAA;AAAA;AAAA;AAAA,WAAyC;AAAA,IACzC,uBAAC,SAAM,MAAK,KAAI,SAAS,uBAAC,YAAS,IAAG,QAAO,SAAO,QAA3B;AAAA;AAAA;AAAA;AAAA,WAA2B,KAApD;AAAA;AAAA;AAAA;AAAA,WAAwD;AAAA,OAN1D;AAAA;AAAA;AAAA;AAAA,SAOA,KARF;AAAA;AAAA;AAAA;AAAA,SASA;AAEJ;AAACC,KAbuBD;AAAG;AAAAE",
      "names": [
        "Navigate",
        "MainPage",
        "AboutPage",
        "NotFound",
        "Layout",
        "FormPage",
        "App",
        "_c",
        "$RefreshReg$"
      ],
      "sources": [
        "H:/IT - старт и вперед/RSschool/REACT-RSSchool/react-course-RSS/src/App.tsx"
      ],
      "file": "H:/IT - старт и вперед/RSschool/REACT-RSSchool/react-course-RSS/src/App.tsx"
    },
    "_coverageSchema": "1a1c01bbd47fc00a2c39e90264f33305004495a9",
    "hash": "94d12f50788425d9cfc447dc258f59ce532707e6"
  },
  "H:/IT - старт и вперед/RSschool/REACT-RSSchool/react-course-RSS/src/entry-client.tsx": {
    "path": "H:/IT - старт и вперед/RSschool/REACT-RSSchool/react-course-RSS/src/entry-client.tsx",
    "statementMap": {
      "0": {
        "start": {
          "line": 10,
          "column": 14
        },
        "end": {
          "line": 10,
          "column": 52
        }
      },
      "1": {
        "start": {
          "line": 11,
          "column": 0
        },
        "end": {
          "line": 11,
          "column": 34
        }
      },
      "2": {
        "start": {
          "line": 12,
          "column": 0
        },
        "end": {
          "line": 24,
          "column": 10
        }
      }
    },
    "fnMap": {},
    "branchMap": {},
    "s": {
      "0": 1,
      "1": 1,
      "2": 1
    },
    "f": {},
    "b": {},
    "inputSourceMap": {
      "version": 3,
      "mappings": "AAqBM;AArBN,OAAOA,cAAc;AACrB,SAASC,qBAAqB;AAC9B,SAASC,gBAAgB;AACzB,SAAoBC,kBAAkB;AAEtC,OAAOC,SAAS;AAChB,OAAO;AAOP,MAAMC,QAAQF,WAAYG,OAA4BC,mBAAmB;AAEzE,OAAQD,OAA4BC;AAEpCP,SAASQ,YACPC,SAASC,eAAe,MAAM,GAC9B,uBAAC,YAAS,OACR,iCAAC,iBACC,iCAAC,SAAD;AAAA;AAAA;AAAA;AAAA,OAAI,KADN;AAAA;AAAA;AAAA;AAAA,OAEA,KAHF;AAAA;AAAA;AAAA;AAAA,OAIA,CACF",
      "names": [
        "ReactDOM",
        "BrowserRouter",
        "Provider",
        "setupStore",
        "App",
        "store",
        "window",
        "__PRELOADED_STATE__",
        "hydrateRoot",
        "document",
        "getElementById"
      ],
      "sources": [
        "H:/IT - старт и вперед/RSschool/REACT-RSSchool/react-course-RSS/src/entry-client.tsx"
      ],
      "file": "H:/IT - старт и вперед/RSschool/REACT-RSSchool/react-course-RSS/src/entry-client.tsx"
    },
    "_coverageSchema": "1a1c01bbd47fc00a2c39e90264f33305004495a9",
    "hash": "c5a0bdf973a3113db9ef4935dc85e4c38bbb45e5"
  },
  "H:/IT - старт и вперед/RSschool/REACT-RSSchool/react-course-RSS/src/entry-server.tsx": {
    "path": "H:/IT - старт и вперед/RSschool/REACT-RSSchool/react-course-RSS/src/entry-server.tsx",
    "statementMap": {},
    "fnMap": {},
    "branchMap": {},
    "s": {},
    "f": {},
    "b": {}
  }
}
